2019-05-09T02:10:39.105Z - normal: Load ~/.CocosCreator/settings.json
2019-05-09T02:10:39.211Z - normal: Initializing Asset Database
2019-05-09T02:10:39.215Z - normal: checking language setting...
2019-05-09T02:10:39.215Z - normal: Language: zh
2019-05-09T02:10:40.525Z - success: preview server running at http://localhost:7456
2019-05-09T02:10:40.599Z - success: protocol editor-framework registered
2019-05-09T02:10:40.600Z - success: protocol app registered
2019-05-09T02:10:40.600Z - success: protocol theme registered
2019-05-09T02:10:40.600Z - success: protocol packages registered
2019-05-09T02:10:40.600Z - success: protocol uuid registerred
2019-05-09T02:10:40.600Z - success: protocol db registerred
2019-05-09T02:10:40.600Z - success: protocol thumbnail registerred
2019-05-09T02:10:40.601Z - success: protocol unpack registerred
2019-05-09T02:10:40.601Z - success: protocol disable-commonjs registerred
2019-05-09T02:10:40.687Z - normal: connected!
2019-05-09T02:10:40.687Z - normal: Check project /Users/admin/Documents/cocos/CrossTheRiver4
2019-05-09T02:10:40.689Z - normal: Initializing project /Users/admin/Documents/cocos/CrossTheRiver4
2019-05-09T02:10:41.241Z - normal: Initializing Cocos2d
2019-05-09T02:10:42.543Z - normal: Initializing engine extends
2019-05-09T02:10:42.642Z - success: asset-db-debugger loaded
2019-05-09T02:10:42.646Z - success: baidu-adapter loaded
2019-05-09T02:10:42.648Z - success: color-picker loaded
2019-05-09T02:10:42.834Z - success: fb-audience-network loaded
2019-05-09T02:10:42.953Z - success: fb-live-stream loaded
2019-05-09T02:10:42.960Z - success: google-play-instant loaded
2019-05-09T02:10:42.970Z - success: huawei-runtime loaded
2019-05-09T02:10:42.973Z - success: jsb-adapter loaded
2019-05-09T02:10:42.983Z - success: oppo-runtime loaded
2019-05-09T02:10:42.999Z - success: package-manager loaded
2019-05-09T02:10:43.318Z - success: qqplay-adapter loaded
2019-05-09T02:10:43.323Z - success: runtime-dev-tools loaded
2019-05-09T02:10:43.339Z - success: sdkbox loaded
2019-05-09T02:10:43.358Z - success: tester loaded
2019-05-09T02:10:43.375Z - success: ui-grid loaded
2019-05-09T02:10:43.391Z - success: ui-kit-preview-extra loaded
2019-05-09T02:10:43.403Z - success: ui-kit-preview loaded
2019-05-09T02:10:43.422Z - success: ui-kit loaded
2019-05-09T02:10:43.434Z - success: ui-tree loaded
2019-05-09T02:10:43.443Z - success: vivo-runtime loaded
2019-05-09T02:10:43.446Z - success: weapp-adapter loaded
2019-05-09T02:10:43.503Z - success: assets loaded
2019-05-09T02:10:43.515Z - success: builder loaded
2019-05-09T02:10:44.041Z - success: cocos-services loaded
2019-05-09T02:10:44.058Z - success: console loaded
2019-05-09T02:10:44.103Z - success: fb-instant-games loaded
2019-05-09T02:10:44.109Z - success: google-instant-games loaded
2019-05-09T02:10:44.124Z - success: hierarchy loaded
2019-05-09T02:10:44.137Z - success: inspector loaded
2019-05-09T02:10:44.140Z - success: keystore loaded
2019-05-09T02:10:44.155Z - success: node-library loaded
2019-05-09T02:10:44.159Z - success: package-asset loaded
2019-05-09T02:10:44.162Z - success: preferences loaded
2019-05-09T02:10:44.176Z - success: project-exporter loaded
2019-05-09T02:10:44.192Z - success: project-importer loaded
2019-05-09T02:10:44.202Z - success: project-settings loaded
2019-05-09T02:10:44.215Z - success: scene loaded
2019-05-09T02:10:44.218Z - success: simulator-debugger loaded
2019-05-09T02:10:44.221Z - success: sprite-editor loaded
2019-05-09T02:10:44.234Z - success: store loaded
2019-05-09T02:10:44.251Z - success: timeline loaded
2019-05-09T02:10:46.083Z - info: Cocos Services load base data!
2019-05-09T02:10:46.351Z - normal: Loading packages
2019-05-09T02:10:46.355Z - normal: Watching packages
2019-05-09T02:10:46.515Z - normal: Run Application
2019-05-09T02:20:41.042Z - normal: Start building with options : {
  "actualPlatform": "web-desktop",
  "android-instant": {
    "REMOTE_SERVER_ROOT": "",
    "host": "",
    "pathPattern": "",
    "recordPath": "",
    "scheme": "https",
    "skipRecord": false
  },
  "apiLevel": "",
  "appABIs": [],
  "appBundle": false,
  "baidugame": {
    "REMOTE_SERVER_ROOT": "",
    "appid": "testappid",
    "orientation": "portrait",
    "subContext": ""
  },
  "buildPath": "/Users/admin/Documents/cocos/CrossTheRiver4/build",
  "debug": false,
  "dest": "/Users/admin/Documents/cocos/CrossTheRiver4/build/web-desktop",
  "embedWebDebugger": false,
  "encryptJs": true,
  "excludeScenes": [],
  "excludedModules": [],
  "fb-instant-games": {},
  "includeSDKBox": false,
  "inlineSpriteFrames": true,
  "inlineSpriteFrames_native": true,
  "md5Cache": false,
  "mergeStartScene": true,
  "optimizeHotUpdate": false,
  "orientation": {
    "landscapeLeft": true,
    "landscapeRight": true,
    "portrait": false,
    "upsideDown": false
  },
  "packageName": "org.cocos2d.CrossTheRiver4",
  "platform": "web-desktop",
  "previewHeight": "720",
  "previewWidth": "1280",
  "qqplay": {
    "REMOTE_SERVER_ROOT": "",
    "orientation": "portrait",
    "zip": false
  },
  "scenes": [
    "32b9096f-c660-4e7a-80cd-5d210a6150af",
    "3f26e055-cfb5-443d-bc90-144d3ade9cee",
    "5652e778-101b-4904-a08d-bad862ac985a"
  ],
  "sourceMaps": false,
  "startScene": "32b9096f-c660-4e7a-80cd-5d210a6150af",
  "template": "link",
  "title": "CrossTheRiver4",
  "useDebugKeystore": true,
  "vsVersion": "auto",
  "webOrientation": "auto",
  "wechatgame": {
    "REMOTE_SERVER_ROOT": "",
    "appid": "wx6ac3f5090a6b99c5",
    "orientation": "portrait",
    "subContext": ""
  },
  "xxteaKey": "d457e380-e9bf-4c",
  "zipCompressJs": true,
  "project": "/Users/admin/Documents/cocos/CrossTheRiver4",
  "projectName": "CrossTheRiver4",
  "debugBuildWorker": false
}
2019-05-09T02:20:41.050Z - normal: Building /Users/admin/Documents/cocos/CrossTheRiver4
2019-05-09T02:20:41.051Z - normal: Destination /Users/admin/Documents/cocos/CrossTheRiver4/build/web-desktop
2019-05-09T02:20:41.310Z - normal: Delete /Users/admin/Documents/cocos/CrossTheRiver4/build/web-desktop/subpackages/**/*,/Users/admin/Documents/cocos/CrossTheRiver4/build/web-desktop/**/*
2019-05-09T02:20:44.277Z - normal: Start building assets
2019-05-09T02:20:44.278Z - normal: Start spawn build-worker
2019-05-09T02:20:45.190Z - normal: Finish spawn build-worker
2019-05-09T02:20:45.190Z - normal: Start init build-worker
2019-05-09T02:20:49.878Z - normal: Finish init build-worker
2019-05-09T02:20:49.879Z - normal: Start build-assets in worker
2019-05-09T02:20:50.407Z - normal: Finish build-assets in worker
2019-05-09T02:20:50.414Z - normal: Finish building assets
2019-05-09T02:20:50.424Z - normal: Start building plugin scripts
2019-05-09T02:20:50.483Z - normal: Generating main.js from /Applications/CocosCreator.app/Contents/Resources/static/build-templates/shares/main.js
2019-05-09T02:20:50.500Z - normal: Generating html from /Applications/CocosCreator.app/Contents/Resources/static/build-templates/web-desktop/template/index.html
2019-05-09T02:20:50.521Z - normal: Built to "/Users/admin/Documents/cocos/CrossTheRiver4/build/web-desktop" successfully
2019-05-09T02:21:08.062Z - normal: Start building with options : {
  "actualPlatform": "web-desktop",
  "android-instant": {
    "REMOTE_SERVER_ROOT": "",
    "host": "",
    "pathPattern": "",
    "recordPath": "",
    "scheme": "https",
    "skipRecord": false
  },
  "apiLevel": "",
  "appABIs": [],
  "appBundle": false,
  "baidugame": {
    "REMOTE_SERVER_ROOT": "",
    "appid": "testappid",
    "orientation": "portrait",
    "subContext": ""
  },
  "buildPath": "/Users/admin/Documents/cocos/CrossTheRiver4/build",
  "debug": false,
  "dest": "/Users/admin/Documents/cocos/CrossTheRiver4/build/web-desktop",
  "embedWebDebugger": false,
  "encryptJs": true,
  "excludeScenes": [],
  "excludedModules": [],
  "fb-instant-games": {},
  "includeSDKBox": false,
  "inlineSpriteFrames": true,
  "inlineSpriteFrames_native": true,
  "md5Cache": false,
  "mergeStartScene": true,
  "optimizeHotUpdate": false,
  "orientation": {
    "landscapeLeft": true,
    "landscapeRight": true,
    "portrait": false,
    "upsideDown": false
  },
  "packageName": "org.cocos2d.CrossTheRiver4",
  "platform": "web-desktop",
  "previewHeight": 600,
  "previewWidth": 800,
  "qqplay": {
    "REMOTE_SERVER_ROOT": "",
    "orientation": "portrait",
    "zip": false
  },
  "scenes": [
    "32b9096f-c660-4e7a-80cd-5d210a6150af",
    "3f26e055-cfb5-443d-bc90-144d3ade9cee",
    "5652e778-101b-4904-a08d-bad862ac985a"
  ],
  "sourceMaps": false,
  "startScene": "32b9096f-c660-4e7a-80cd-5d210a6150af",
  "template": "link",
  "title": "CrossTheRiver4",
  "useDebugKeystore": true,
  "vsVersion": "auto",
  "webOrientation": "auto",
  "wechatgame": {
    "REMOTE_SERVER_ROOT": "",
    "appid": "wx6ac3f5090a6b99c5",
    "orientation": "portrait",
    "subContext": ""
  },
  "xxteaKey": "d457e380-e9bf-4c",
  "zipCompressJs": true,
  "project": "/Users/admin/Documents/cocos/CrossTheRiver4",
  "projectName": "CrossTheRiver4",
  "debugBuildWorker": false
}
2019-05-09T02:21:08.063Z - normal: Building /Users/admin/Documents/cocos/CrossTheRiver4
2019-05-09T02:21:08.063Z - normal: Destination /Users/admin/Documents/cocos/CrossTheRiver4/build/web-desktop
2019-05-09T02:21:08.065Z - normal: Delete /Users/admin/Documents/cocos/CrossTheRiver4/build/web-desktop/subpackages/**/*,/Users/admin/Documents/cocos/CrossTheRiver4/build/web-desktop/**/*
2019-05-09T02:21:11.169Z - normal: Start building assets
2019-05-09T02:21:11.169Z - normal: Start spawn build-worker
2019-05-09T02:21:12.042Z - normal: Finish spawn build-worker
2019-05-09T02:21:12.042Z - normal: Start init build-worker
2019-05-09T02:21:16.206Z - normal: Finish init build-worker
2019-05-09T02:21:16.208Z - normal: Start build-assets in worker
2019-05-09T02:21:16.741Z - normal: Finish build-assets in worker
2019-05-09T02:21:16.745Z - normal: Finish building assets
2019-05-09T02:21:16.753Z - normal: Start building plugin scripts
2019-05-09T02:21:16.802Z - normal: Generating main.js from /Applications/CocosCreator.app/Contents/Resources/static/build-templates/shares/main.js
2019-05-09T02:21:16.816Z - normal: Generating html from /Applications/CocosCreator.app/Contents/Resources/static/build-templates/web-desktop/template/index.html
2019-05-09T02:21:16.834Z - normal: Built to "/Users/admin/Documents/cocos/CrossTheRiver4/build/web-desktop" successfully
2019-05-09T02:23:47.607Z - normal: Start building with options : {
  "actualPlatform": "web-desktop",
  "android-instant": {
    "REMOTE_SERVER_ROOT": "",
    "host": "",
    "pathPattern": "",
    "recordPath": "",
    "scheme": "https",
    "skipRecord": false
  },
  "apiLevel": "",
  "appABIs": [],
  "appBundle": false,
  "baidugame": {
    "REMOTE_SERVER_ROOT": "",
    "appid": "testappid",
    "orientation": "portrait",
    "subContext": ""
  },
  "buildPath": "/Users/admin/Documents/cocos/CrossTheRiver4/build",
  "debug": false,
  "dest": "/Users/admin/Documents/cocos/CrossTheRiver4/build/web-desktop",
  "embedWebDebugger": false,
  "encryptJs": true,
  "excludeScenes": [],
  "excludedModules": [],
  "fb-instant-games": {},
  "includeSDKBox": false,
  "inlineSpriteFrames": false,
  "inlineSpriteFrames_native": true,
  "md5Cache": false,
  "mergeStartScene": false,
  "optimizeHotUpdate": false,
  "orientation": {
    "landscapeLeft": true,
    "landscapeRight": true,
    "portrait": false,
    "upsideDown": false
  },
  "packageName": "org.cocos2d.CrossTheRiver4",
  "platform": "web-desktop",
  "previewHeight": 600,
  "previewWidth": 800,
  "qqplay": {
    "REMOTE_SERVER_ROOT": "",
    "orientation": "portrait",
    "zip": false
  },
  "scenes": [
    "32b9096f-c660-4e7a-80cd-5d210a6150af",
    "3f26e055-cfb5-443d-bc90-144d3ade9cee",
    "5652e778-101b-4904-a08d-bad862ac985a"
  ],
  "sourceMaps": false,
  "startScene": "32b9096f-c660-4e7a-80cd-5d210a6150af",
  "template": "link",
  "title": "CrossTheRiver4",
  "useDebugKeystore": true,
  "vsVersion": "auto",
  "webOrientation": "auto",
  "wechatgame": {
    "REMOTE_SERVER_ROOT": "",
    "appid": "wx6ac3f5090a6b99c5",
    "orientation": "portrait",
    "subContext": ""
  },
  "xxteaKey": "d457e380-e9bf-4c",
  "zipCompressJs": true,
  "project": "/Users/admin/Documents/cocos/CrossTheRiver4",
  "projectName": "CrossTheRiver4",
  "debugBuildWorker": false
}
2019-05-09T02:23:47.614Z - normal: Building /Users/admin/Documents/cocos/CrossTheRiver4
2019-05-09T02:23:47.614Z - normal: Destination /Users/admin/Documents/cocos/CrossTheRiver4/build/web-desktop
2019-05-09T02:23:47.618Z - normal: Delete /Users/admin/Documents/cocos/CrossTheRiver4/build/web-desktop/subpackages/**/*,/Users/admin/Documents/cocos/CrossTheRiver4/build/web-desktop/**/*
2019-05-09T02:23:50.575Z - normal: Start building assets
2019-05-09T02:23:50.575Z - normal: Start spawn build-worker
2019-05-09T02:23:51.453Z - normal: Finish spawn build-worker
2019-05-09T02:23:51.453Z - normal: Start init build-worker
2019-05-09T02:23:55.966Z - normal: Finish init build-worker
2019-05-09T02:23:55.967Z - normal: Start build-assets in worker
2019-05-09T02:23:56.441Z - normal: Finish build-assets in worker
2019-05-09T02:23:56.445Z - normal: Finish building assets
2019-05-09T02:23:56.464Z - normal: Start building plugin scripts
2019-05-09T02:23:56.515Z - normal: Generating main.js from /Applications/CocosCreator.app/Contents/Resources/static/build-templates/shares/main.js
2019-05-09T02:23:56.529Z - normal: Generating html from /Applications/CocosCreator.app/Contents/Resources/static/build-templates/web-desktop/template/index.html
2019-05-09T02:23:56.555Z - normal: Built to "/Users/admin/Documents/cocos/CrossTheRiver4/build/web-desktop" successfully
